Connection restored with License Server(s)  7
Connection restored with License Server(s)  8
Connection restored with License Server(s)  9
Connection restored with License Server(s)  10
Connection restored with License Server(s)  11
Warning Licensing error: Excessive reconnection with License server(s), detected.
Connection restored with License Server(s)  12
Warning Licensing error: Excessive reconnection with License server(s), detected.
Connection restored with License Server(s)  13
Warning Licensing error: Excessive reconnection with License server(s), detected.
Connection restored with License Server(s)  14
Warning Licensing error: Excessive reconnection with License server(s), detected.
Connection restored with License Server(s)  14
Warning Licensing error: Excessive reconnection with License server(s), detected.
Connection restored with License Server(s)  15
Warning Licensing error: Excessive reconnection with License server(s), detected.
Connection restored with License Server(s)  16
Warning Licensing error: Excessive reconnection with License server(s), detected.
Connection restored with License Server(s)  17
Warning Licensing error: Excessive reconnection with License server(s), detected.
Connection restored with License Server(s)  18
Warning Licensing error: Excessive reconnection with License server(s), detected.
Connection restored with License Server(s)  19
Warning Licensing error: Excessive reconnection with License server(s), detected.
Connection restored with License Server(s)  20
Warning Licensing error: Excessive reconnection with License server(s), detected.
Connection restored with License Server(s)  20
Warning Licensing error: Excessive reconnection with License server(s), detected.
Connection restored with License Server(s)  21
Warning Licensing error: Excessive reconnection with License server(s), detected.
Connection restored with License Server(s)  21
Warning Licensing error: Excessive reconnection with License server(s), detected.
Connection restored with License Server(s)  21
Warning Licensing error: Excessive reconnection with License server(s), detected.
Connection restored with License Server(s)  21
Warning Licensing error: Excessive reconnection with License server(s), detected.
WdgMtb: ACCESS solid_surf_rg@REVOLUTION is AVAILABLE (CB)
WdgMtb: ACCESS remove_material_popup@extrev_feature_popup@REVOLUTION is invisible (UI)
WdgMtb: ACCESS thick_sketch_popup@extrev_feature_popup@REVOLUTION is AVAILABLE (CB)
WdgMtb: ACCESS DefineRmbBtn@extrev_feature_popup@REVOLUTION is invisible (UI)
WdgMtb: ACCESS SketchRmbBtn@extrev_feature_popup@REVOLUTION is invisible (UI)
WdgMtb: ACCESS InternalCL@REVOLUTION is AVAILABLE (CB)
WdgMtb: ACCESS cap_cb@REVOLUTION is unavailable (CB)
WdgMtb: ACCESS solid_surf_rg@REVOLUTION is AVAILABLE (CB)
WdgMtb: ACCESS remove_material_popup@extrev_feature_popup@REVOLUTION is invisible (UI)
WdgMtb: ACCESS thick_sketch_popup@extrev_feature_popup@REVOLUTION is AVAILABLE (CB)
WdgMtb: ACCESS DefineRmbBtn@extrev_feature_popup@REVOLUTION is invisible (UI)
WdgMtb: ACCESS SketchRmbBtn@extrev_feature_popup@REVOLUTION is invisible (UI)
WdgMtb: ACCESS InternalCL@REVOLUTION is AVAILABLE (CB)
WdgMtb: ACCESS cap_cb@REVOLUTION is unavailable (CB)
WdgMtb: ACCESS solid_surf_rg@REVOLUTION is AVAILABLE (CB)
WdgMtb: ACCESS remove_material_popup@extrev_feature_popup@REVOLUTION is invisible (UI)
WdgMtb: ACCESS thick_sketch_popup@extrev_feature_popup@REVOLUTION is AVAILABLE (CB)
WdgMtb: ACCESS DefineRmbBtn@extrev_feature_popup@REVOLUTION is invisible (UI)
WdgMtb: ACCESS SketchRmbBtn@extrev_feature_popup@REVOLUTION is invisible (UI)
WdgMtb: ACCESS InternalCL@REVOLUTION is AVAILABLE (CB)
WdgMtb: ACCESS cap_cb@REVOLUTION is unavailable (CB)
WdgMtb: ACCESS solid_surf_rg@REVOLUTION is AVAILABLE (CB)
WdgMtb: ACCESS remove_material_popup@extrev_feature_popup@REVOLUTION is invisible (UI)
WdgMtb: ACCESS thick_sketch_popup@extrev_feature_popup@REVOLUTION is AVAILABLE (CB)
WdgMtb: ACCESS DefineRmbBtn@extrev_feature_popup@REVOLUTION is invisible (UI)
WdgMtb: ACCESS SketchRmbBtn@extrev_feature_popup@REVOLUTION is invisible (UI)
WdgMtb: ACCESS InternalCL@REVOLUTION is AVAILABLE (CB)
WdgMtb: ACCESS cap_cb@REVOLUTION is unavailable (CB)
WdgMtb: ACCESS solid_surf_rg@REVOLUTION is AVAILABLE (CB)
WdgMtb: ACCESS remove_material_popup@extrev_feature_popup@REVOLUTION is invisible (UI)
WdgMtb: ACCESS thick_sketch_popup@extrev_feature_popup@REVOLUTION is AVAILABLE (CB)
WdgMtb: ACCESS DefineRmbBtn@extrev_feature_popup@REVOLUTION is invisible (UI)
WdgMtb: ACCESS SketchRmbBtn@extrev_feature_popup@REVOLUTION is invisible (UI)
WdgMtb: ACCESS InternalCL@REVOLUTION is AVAILABLE (CB)
WdgMtb: ACCESS cap_cb@REVOLUTION is unavailable (CB)
WdgMtb: ACCESS solid_surf_rg@REVOLUTION is AVAILABLE (CB)
WdgMtb: ACCESS remove_material_popup@extrev_feature_popup@REVOLUTION is invisible (UI)
WdgMtb: ACCESS thick_sketch_popup@extrev_feature_popup@REVOLUTION is AVAILABLE (CB)
WdgMtb: ACCESS DefineRmbBtn@extrev_feature_popup@REVOLUTION is invisible (UI)
WdgMtb: ACCESS SketchRmbBtn@extrev_feature_popup@REVOLUTION is invisible (UI)
WdgMtb: ACCESS InternalCL@REVOLUTION is AVAILABLE (CB)
WdgMtb: ACCESS cap_cb@REVOLUTION is unavailable (CB)
WdgMtb: ACCESS solid_surf_rg@REVOLUTION is AVAILABLE (CB)
WdgMtb: ACCESS remove_material_popup@extrev_feature_popup@REVOLUTION is invisible (UI)
WdgMtb: ACCESS thick_sketch_popup@extrev_feature_popup@REVOLUTION is AVAILABLE (CB)
WdgMtb: ACCESS DefineRmbBtn@extrev_feature_popup@REVOLUTION is invisible (UI)
WdgMtb: ACCESS SketchRmbBtn@extrev_feature_popup@REVOLUTION is invisible (UI)
WdgMtb: ACCESS InternalCL@REVOLUTION is AVAILABLE (CB)
WdgMtb: ACCESS cap_cb@REVOLUTION is unavailable (CB)
WdgMtb: ACCESS solid_surf_rg@REVOLUTION is AVAILABLE (CB)
WdgMtb: ACCESS remove_material_popup@extrev_feature_popup@REVOLUTION is invisible (UI)
WdgMtb: ACCESS thick_sketch_popup@extrev_feature_popup@REVOLUTION is AVAILABLE (CB)
WdgMtb: ACCESS DefineRmbBtn@extrev_feature_popup@REVOLUTION is invisible (UI)
WdgMtb: ACCESS SketchRmbBtn@extrev_feature_popup@REVOLUTION is invisible (UI)
WdgMtb: ACCESS InternalCL@REVOLUTION is AVAILABLE (CB)
WdgMtb: ACCESS cap_cb@REVOLUTION is unavailable (CB)
WdgMtb: ACCESS solid_surf_rg@REVOLUTION is AVAILABLE (CB)
WdgMtb: ACCESS remove_material_popup@extrev_feature_popup@REVOLUTION is invisible (UI)
WdgMtb: ACCESS thick_sketch_popup@extrev_feature_popup@REVOLUTION is AVAILABLE (CB)
WdgMtb: ACCESS DefineRmbBtn@extrev_feature_popup@REVOLUTION is invisible (UI)
WdgMtb: ACCESS SketchRmbBtn@extrev_feature_popup@REVOLUTION is invisible (UI)
WdgMtb: ACCESS InternalCL@REVOLUTION is AVAILABLE (CB)
WdgMtb: ACCESS cap_cb@REVOLUTION is unavailable (CB)
Connection restored with License Server(s)  21
Warning Licensing error: Excessive reconnection with License server(s), detected.
Connection restored with License Server(s)  21
Warning Licensing error: Excessive reconnection with License server(s), detected.
Connection restored with License Server(s)  22
Warning Licensing error: Excessive reconnection with License server(s), detected.
Connection restored with License Server(s)  22
Warning Licensing error: Excessive reconnection with License server(s), detected.
Connection restored with License Server(s)  23
Warning Licensing error: Excessive reconnection with License server(s), detected.
Connection restored with License Server(s)  24
Warning Licensing error: Excessive reconnection with License server(s), detected.
Connection restored with License Server(s)  25
Warning Licensing error: Excessive reconnection with License server(s), detected.
Connection restored with License Server(s)  26
Warning Licensing error: Excessive reconnection with License server(s), detected.
WdgMtb: ACCESS solid_surf_rg@REVOLUTION is AVAILABLE (CB)
WdgMtb: ACCESS remove_material_popup@extrev_feature_popup@REVOLUTION is invisible (UI)
WdgMtb: ACCESS thick_sketch_popup@extrev_feature_popup@REVOLUTION is AVAILABLE (CB)
WdgMtb: ACCESS DefineRmbBtn@extrev_feature_popup@REVOLUTION is AVAILABLE (CB)
WdgMtb: ACCESS SketchRmbBtn@extrev_feature_popup@REVOLUTION is invisible (UI)
WdgMtb: ACCESS InternalCL@REVOLUTION is unavailable (CB)
WdgMtb: ACCESS cap_cb@REVOLUTION is unavailable (CB)
WdgMtb: ACCESS solid_surf_rg@REVOLUTION is AVAILABLE (CB)
WdgMtb: ACCESS remove_material_popup@extrev_feature_popup@REVOLUTION is invisible (UI)
WdgMtb: ACCESS thick_sketch_popup@extrev_feature_popup@REVOLUTION is AVAILABLE (CB)
WdgMtb: ACCESS DefineRmbBtn@extrev_feature_popup@REVOLUTION is AVAILABLE (CB)
WdgMtb: ACCESS SketchRmbBtn@extrev_feature_popup@REVOLUTION is invisible (UI)
WdgMtb: ACCESS InternalCL@REVOLUTION is unavailable (CB)
WdgMtb: ACCESS cap_cb@REVOLUTION is unavailable (CB)
Connection restored with License Server(s)  26
Warning Licensing error: Excessive reconnection with License server(s), detected.
WdgMtb: ACCESS solid_surf_rg@REVOLUTION is invisible (UI)
WdgMtb: ACCESS remove_material_popup@extrev_feature_popup@REVOLUTION is invisible (UI)
WdgMtb: ACCESS thick_sketch_popup@extrev_feature_popup@REVOLUTION is invisible (UI)
WdgMtb: ACCESS DefineRmbBtn@extrev_feature_popup@REVOLUTION is invisible (UI)
WdgMtb: ACCESS SketchRmbBtn@extrev_feature_popup@REVOLUTION is invisible (UI)
WdgMtb: ACCESS InternalCL@REVOLUTION is invisible (UI)
WdgMtb: ACCESS cap_cb@REVOLUTION is invisible (UI)
WdgMtb: ACCESS solid_surf_rg@REVOLUTION is invisible (UI)
WdgMtb: ACCESS remove_material_popup@extrev_feature_popup@REVOLUTION is invisible (UI)
WdgMtb: ACCESS thick_sketch_popup@extrev_feature_popup@REVOLUTION is invisible (UI)
WdgMtb: ACCESS DefineRmbBtn@extrev_feature_popup@REVOLUTION is invisible (UI)
WdgMtb: ACCESS SketchRmbBtn@extrev_feature_popup@REVOLUTION is invisible (UI)
WdgMtb: ACCESS InternalCL@REVOLUTION is invisible (UI)
WdgMtb: ACCESS cap_cb@REVOLUTION is invisible (UI)
WdgMtb: ACCESS solid_surf_rg@REVOLUTION is invisible (UI)
WdgMtb: ACCESS remove_material_popup@extrev_feature_popup@REVOLUTION is invisible (UI)
WdgMtb: ACCESS thick_sketch_popup@extrev_feature_popup@REVOLUTION is invisible (UI)
WdgMtb: ACCESS DefineRmbBtn@extrev_feature_popup@REVOLUTION is invisible (UI)
WdgMtb: ACCESS SketchRmbBtn@extrev_feature_popup@REVOLUTION is invisible (UI)
WdgMtb: ACCESS InternalCL@REVOLUTION is invisible (UI)
WdgMtb: ACCESS cap_cb@REVOLUTION is invisible (UI)
WdgMtb: ACCESS solid_surf_rg@REVOLUTION is invisible (UI)
WdgMtb: ACCESS remove_material_popup@extrev_feature_popup@REVOLUTION is invisible (UI)
WdgMtb: ACCESS thick_sketch_popup@extrev_feature_popup@REVOLUTION is invisible (UI)
WdgMtb: ACCESS DefineRmbBtn@extrev_feature_popup@REVOLUTION is invisible (UI)
WdgMtb: ACCESS SketchRmbBtn@extrev_feature_popup@REVOLUTION is invisible (UI)
WdgMtb: ACCESS InternalCL@REVOLUTION is invisible (UI)
WdgMtb: ACCESS cap_cb@REVOLUTION is invisible (UI)
WdgMtb: ACCESS solid_surf_rg@REVOLUTION is invisible (UI)
WdgMtb: ACCESS remove_material_popup@extrev_feature_popup@REVOLUTION is invisible (UI)
WdgMtb: ACCESS thick_sketch_popup@extrev_feature_popup@REVOLUTION is invisible (UI)
WdgMtb: ACCESS DefineRmbBtn@extrev_feature_popup@REVOLUTION is invisible (UI)
WdgMtb: ACCESS SketchRmbBtn@extrev_feature_popup@REVOLUTION is invisible (UI)
WdgMtb: ACCESS InternalCL@REVOLUTION is invisible (UI)
WdgMtb: ACCESS cap_cb@REVOLUTION is invisible (UI)
WdgMtb: ACCESS solid_surf_rg@REVOLUTION is invisible (UI)
WdgMtb: ACCESS remove_material_popup@extrev_feature_popup@REVOLUTION is invisible (UI)
WdgMtb: ACCESS thick_sketch_popup@extrev_feature_popup@REVOLUTION is invisible (UI)
WdgMtb: ACCESS DefineRmbBtn@extrev_feature_popup@REVOLUTION is invisible (UI)
WdgMtb: ACCESS SketchRmbBtn@extrev_feature_popup@REVOLUTION is invisible (UI)
WdgMtb: ACCESS InternalCL@REVOLUTION is invisible (UI)
WdgMtb: ACCESS cap_cb@REVOLUTION is invisible (UI)
WdgMtb: ACCESS solid_surf_rg@REVOLUTION is AVAILABLE (CB)
WdgMtb: ACCESS remove_material_popup@extrev_feature_popup@REVOLUTION is invisible (UI)
WdgMtb: ACCESS thick_sketch_popup@extrev_feature_popup@REVOLUTION is AVAILABLE (CB)
WdgMtb: ACCESS DefineRmbBtn@extrev_feature_popup@REVOLUTION is AVAILABLE (CB)
WdgMtb: ACCESS SketchRmbBtn@extrev_feature_popup@REVOLUTION is invisible (UI)
WdgMtb: ACCESS InternalCL@REVOLUTION is unavailable (CB)
WdgMtb: ACCESS cap_cb@REVOLUTION is unavailable (CB)
WdgMtb: ACCESS solid_surf_rg@REVOLUTION is AVAILABLE (CB)
WdgMtb: ACCESS remove_material_popup@extrev_feature_popup@REVOLUTION is invisible (UI)
WdgMtb: ACCESS thick_sketch_popup@extrev_feature_popup@REVOLUTION is AVAILABLE (CB)
WdgMtb: ACCESS DefineRmbBtn@extrev_feature_popup@REVOLUTION is AVAILABLE (CB)
WdgMtb: ACCESS SketchRmbBtn@extrev_feature_popup@REVOLUTION is invisible (UI)
WdgMtb: ACCESS InternalCL@REVOLUTION is unavailable (CB)
WdgMtb: ACCESS cap_cb@REVOLUTION is unavailable (CB)
WdgMtb: ACCESS solid_surf_rg@REVOLUTION is AVAILABLE (CB)
WdgMtb: ACCESS remove_material_popup@extrev_feature_popup@REVOLUTION is invisible (UI)
WdgMtb: ACCESS thick_sketch_popup@extrev_feature_popup@REVOLUTION is AVAILABLE (CB)
WdgMtb: ACCESS DefineRmbBtn@extrev_feature_popup@REVOLUTION is AVAILABLE (CB)
WdgMtb: ACCESS SketchRmbBtn@extrev_feature_popup@REVOLUTION is invisible (UI)
WdgMtb: ACCESS InternalCL@REVOLUTION is unavailable (CB)
WdgMtb: ACCESS cap_cb@REVOLUTION is unavailable (CB)
WdgMtb: ACCESS solid_surf_rg@REVOLUTION is AVAILABLE (CB)
WdgMtb: ACCESS remove_material_popup@extrev_feature_popup@REVOLUTION is invisible (UI)
WdgMtb: ACCESS thick_sketch_popup@extrev_feature_popup@REVOLUTION is AVAILABLE (CB)
WdgMtb: ACCESS DefineRmbBtn@extrev_feature_popup@REVOLUTION is AVAILABLE (CB)
WdgMtb: ACCESS SketchRmbBtn@extrev_feature_popup@REVOLUTION is invisible (UI)
WdgMtb: ACCESS InternalCL@REVOLUTION is unavailable (CB)
WdgMtb: ACCESS cap_cb@REVOLUTION is unavailable (CB)
Connection restored with License Server(s)  27
Warning Licensing error: Excessive reconnection with License server(s), detected.
Connection restored with License Server(s)  27
Warning Licensing error: Excessive reconnection with License server(s), detected.
WdgMtb: ACCESS depth1_om@EXTRUSION is AVAILABLE (CB)
WdgMtb: ACCESS depth1_om@EXTRUSION is AVAILABLE (CB)
WdgMtb: ACCESS depth1_om@EXTRUSION is AVAILABLE (CB)
WdgMtb: ACCESS depth1_om@EXTRUSION is AVAILABLE (CB)
WdgMtb: ACCESS depth2_set_popup@extrev_feature_popup@EXTRUSION is AVAILABLE (CB)
WdgMtb: ACCESS depth1_om@EXTRUSION is AVAILABLE (CB)
WdgMtb: ACCESS depth2_set_popup@extrev_feature_popup@EXTRUSION is AVAILABLE (CB)
WdgMtb: ACCESS depth1_om@EXTRUSION is AVAILABLE (CB)
WdgMtb: ACCESS depth2_set_popup@extrev_feature_popup@EXTRUSION is AVAILABLE (CB)
WdgMtb: ACCESS depth1_om@EXTRUSION is AVAILABLE (CB)
WdgMtb: ACCESS depth2_set_popup@extrev_feature_popup@EXTRUSION is AVAILABLE (CB)
Connection restored with License Server(s)  27
Warning Licensing error: Excessive reconnection with License server(s), detected.
WdgMtb: ACCESS depth1_om@EXTRUSION is AVAILABLE (CB)
WdgMtb: ACCESS depth1_om@EXTRUSION is AVAILABLE (CB)
WdgMtb: ACCESS depth1_om@EXTRUSION is AVAILABLE (CB)
WdgMtb: ACCESS depth1_om@EXTRUSION is AVAILABLE (CB)
WdgMtb: ACCESS depth2_set_popup@extrev_feature_popup@EXTRUSION is AVAILABLE (CB)
WdgMtb: ACCESS depth1_om@EXTRUSION is AVAILABLE (CB)
WdgMtb: ACCESS depth2_set_popup@extrev_feature_popup@EXTRUSION is AVAILABLE (CB)
WdgMtb: ACCESS depth1_om@EXTRUSION is AVAILABLE (CB)
WdgMtb: ACCESS depth2_set_popup@extrev_feature_popup@EXTRUSION is AVAILABLE (CB)
WdgMtb: ACCESS depth1_om@EXTRUSION is AVAILABLE (CB)
WdgMtb: ACCESS depth2_set_popup@extrev_feature_popup@EXTRUSION is AVAILABLE (CB)
Connection restored with License Server(s)  27
Warning Licensing error: Excessive reconnection with License server(s), detected.
Connection restored with License Server(s)  27
Warning Licensing error: Excessive reconnection with License server(s), detected.
Connection restored with License Server(s)  28
Warning Licensing error: Excessive reconnection with License server(s), detected.
Connection restored with License Server(s)  28
Warning Licensing error: Excessive reconnection with License server(s), detected.
Connection restored with License Server(s)  28
Warning Licensing error: Excessive reconnection with License server(s), detected.
Connection restored with License Server(s)  28
Warning Licensing error: Excessive reconnection with License server(s), detected.
Connection restored with License Server(s)  28
Warning Licensing error: Excessive reconnection with License server(s), detected.
